  crate.cpp
  freeSideQuality.cpp
  mapInputHandler.cpp
E:\GitHubRepo\CppSokobanSolver\CppSokobanSolver\sokobanSolve\mapInputHandler.cpp(177,36): warning C4552: '!=': result of expression not used
E:\GitHubRepo\CppSokobanSolver\CppSokobanSolver\sokobanSolve\mapInputHandler.cpp(178,42): warning C4552: '!=': result of expression not used
E:\GitHubRepo\CppSokobanSolver\CppSokobanSolver\sokobanSolve\mapInputHandler.cpp(185,42): warning C4552: '!=': result of expression not used
  path.cpp
E:\GitHubRepo\CppSokobanSolver\CppSokobanSolver\sokobanSolve\path.cpp(99,16): warning C4244: '=': conversion from 'double' to 'float', possible loss of data
E:\GitHubRepo\CppSokobanSolver\CppSokobanSolver\sokobanSolve\path.cpp(100,17): warning C4244: '+=': conversion from 'double' to 'float', possible loss of data
E:\GitHubRepo\CppSokobanSolver\CppSokobanSolver\sokobanSolve\path.cpp(106,39): warning C4244: '=': conversion from 'int' to 'float', possible loss of data
  position.cpp
E:\GitHubRepo\CppSokobanSolver\CppSokobanSolver\sokobanSolve\position.cpp(11,11): warning C4101: 'tmpPos': unreferenced local variable
E:\GitHubRepo\CppSokobanSolver\CppSokobanSolver\sokobanSolve\position.cpp(26,11): warning C4101: 'tmpPos': unreferenced local variable
  sokobanSolve.cpp
  sokoMap.cpp
  solve.cpp
E:\GitHubRepo\CppSokobanSolver\CppSokobanSolver\sokobanSolve\solve.cpp(74,16): warning C4267: 'initializing': conversion from 'size_t' to 'short', possible loss of data
  state.cpp
E:\GitHubRepo\CppSokobanSolver\CppSokobanSolver\sokobanSolve\state.cpp(21,35): warning C4267: '=': conversion from 'size_t' to 'short', possible loss of data
E:\GitHubRepo\CppSokobanSolver\CppSokobanSolver\sokobanSolve\state.cpp(43,35): warning C4267: '=': conversion from 'size_t' to 'short', possible loss of data
  Generating Code...
  sokobanSolve.vcxproj -> E:\GitHubRepo\CppSokobanSolver\CppSokobanSolver\x64\Debug\sokobanSolve.exe
