e:\repositories\sokobansolve\sokobansolve\x64\debug\vc143.pdb
e:\repositories\sokobansolve\sokobansolve\x64\debug\vc143.idb
e:\repositories\sokobansolve\sokobansolve\x64\debug\state.obj
e:\repositories\sokobansolve\sokobansolve\x64\debug\solve.obj
e:\repositories\sokobansolve\sokobansolve\x64\debug\sokomap.obj
e:\repositories\sokobansolve\sokobansolve\x64\debug\sokobansolve.obj
e:\repositories\sokobansolve\sokobansolve\x64\debug\position.obj
e:\repositories\sokobansolve\sokobansolve\x64\debug\path.obj
e:\repositories\sokobansolve\sokobansolve\x64\debug\mapinputhandler.obj
e:\repositories\sokobansolve\sokobansolve\x64\debug\freesidequality.obj
e:\repositories\sokobansolve\sokobansolve\x64\debug\crate.obj
e:\repositories\sokobansolve\sokobansolve\x64\debug\sokobansolve.ilk
e:\repositories\sokobansolve\x64\debug\sokobansolve.exe
e:\repositories\sokobansolve\x64\debug\sokobansolve.pdb
e:\githubrepo\cppsokobansolver\cppsokobansolver\sokobansolve\x64\debug\crate.obj
e:\githubrepo\cppsokobansolver\cppsokobansolver\sokobansolve\x64\debug\freesidequality.obj
e:\githubrepo\cppsokobansolver\cppsokobansolver\sokobansolve\x64\debug\mapinputhandler.obj
e:\githubrepo\cppsokobansolver\cppsokobansolver\sokobansolve\x64\debug\path.obj
e:\githubrepo\cppsokobansolver\cppsokobansolver\sokobansolve\x64\debug\position.obj
e:\githubrepo\cppsokobansolver\cppsokobansolver\sokobansolve\x64\debug\sokobansolve.obj
e:\githubrepo\cppsokobansolver\cppsokobansolver\sokobansolve\x64\debug\sokomap.obj
e:\githubrepo\cppsokobansolver\cppsokobansolver\sokobansolve\x64\debug\solve.obj
e:\githubrepo\cppsokobansolver\cppsokobansolver\sokobansolve\x64\debug\state.obj
e:\githubrepo\cppsokobansolver\cppsokobansolver\sokobansolve\x64\debug\sokobansolve.ilk
e:\githubrepo\cppsokobansolver\cppsokobansolver\sokobansolve\x64\debug\vc143.idb
e:\githubrepo\cppsokobansolver\cppsokobansolver\sokobansolve\x64\debug\vc143.pdb
e:\githubrepo\cppsokobansolver\cppsokobansolver\x64\debug\sokobansolve.pdb
e:\githubrepo\cppsokobansolver\cppsokobansolver\x64\debug\sokobansolve.exe
e:\githubrepo\cppsokobansolver\cppsokobansolver\sokobansolve\x64\debug\sokobansolve.tlog\cl.command.1.tlog
e:\githubrepo\cppsokobansolver\cppsokobansolver\sokobansolve\x64\debug\sokobansolve.tlog\cl.items.tlog
e:\githubrepo\cppsokobansolver\cppsokobansolver\sokobansolve\x64\debug\sokobansolve.tlog\cl.read.1.tlog
e:\githubrepo\cppsokobansolver\cppsokobansolver\sokobansolve\x64\debug\sokobansolve.tlog\cl.write.1.tlog
e:\githubrepo\cppsokobansolver\cppsokobansolver\sokobansolve\x64\debug\sokobansolve.tlog\link.command.1.tlog
e:\githubrepo\cppsokobansolver\cppsokobansolver\sokobansolve\x64\debug\sokobansolve.tlog\link.read.1.tlog
e:\githubrepo\cppsokobansolver\cppsokobansolver\sokobansolve\x64\debug\sokobansolve.tlog\link.write.1.tlog
